<?xml version="1.0" encoding="UTF-8"?>
<testsuite xmlns:xsi="http://www.w3.org/2001/XMLSchema-instance" xsi:noNamespaceSchemaLocation="https://maven.apache.org/surefire/maven-surefire-plugin/xsd/surefire-test-report-3.0.xsd" version="3.0" name="ComputationTest" time="0.158" tests="13" errors="0" skipped="0" failures="0">
  <properties>
[...]
</properties>
  <testcase name="testGetMinWhenMinIsAtLeftBound" classname="ComputationTest" time="0.026"/>
  <testcase name="testIntegrateRiem_Trigonometric_RightSum" classname="ComputationTest" time="0.002"/>
  <testcase name="testIntegrateMonteCarlo_PositiveArea" classname="ComputationTest" time="0.038"/>
  <testcase name="testIntegrateMonteCarlo_NegativeArea" classname="ComputationTest" time="0.027"/>
  <testcase name="testIntegrateRiem_Quadratic_RightSum" classname="ComputationTest" time="0.001"/>
  <testcase name="testGetMaxWhenMaxIsAtRightBound" classname="ComputationTest" time="0.003"/>
  <testcase name="testIntegrateMonteCarlo_CrossingXAxis_ZeroNetArea" classname="ComputationTest" time="0.019"/>
  <testcase name="testGetMaxTrig" classname="ComputationTest" time="0.004"/>
  <testcase name="testIntegrateRiem_Trigonometric_LeftSum" classname="ComputationTest" time="0.001"/>
  <testcase name="testGetMax" classname="ComputationTest" time="0.007"/>
  <testcase name="testGetMin" classname="ComputationTest" time="0.006"/>
  <testcase name="testGetMinTrig" classname="ComputationTest" time="0.004"/>
  <testcase name="testIntegrateRiem_Quadratic_LeftSum" classname="ComputationTest" time="0.0"/>
</testsuite>